<?xml version="1.0" encoding="UTF-8"?>
<!-- Generated by org.testng.reporters.JUnitReportReporter -->
<testsuite hostname="NZWGTNLP54" name="StaticJson" tests="1" failures="0" timestamp="16 Mar 2020 09:29:06 GMT" time="4.528" errors="0">
  <testcase name="addBook" time="4.528" classname="StaticJson"/>
</testsuite> <!-- StaticJson -->
