<?xml version="1.0" encoding="UTF-8"?>
<!-- Generated by org.testng.reporters.JUnitReportReporter -->
<testsuite hostname="NZWGTNLP54" name="LibraryTest" tests="1" failures="0" timestamp="16 Mar 2020 10:00:06 GMT" time="5.740" errors="0">
  <testcase name="addbook" time="5.740" classname="LibraryTest"/>
</testsuite> <!-- LibraryTest -->
