<?xml version="1.0" encoding="UTF-8"?>
<!-- Generated by org.testng.reporters.JUnitReportReporter -->
<testsuite hostname="NZWGTNLP54" name="Utilities.GetResponse" tests="1" failures="0" timestamp="11 Mar 2020 21:09:59 GMT" time="1.062" errors="0">
  <testcase name="test1" time="1.062" classname="Utilities.GetResponse"/>
</testsuite> <!-- Utilities.GetResponse -->
